06/09/23 10:44:04.915 10.1.3.0.0 Started
06/09/23 10:44:11.174 Application1-Project1-webapp: 10.1.3.0.0 Started
06/09/23 10:49:46.216 Application1-Project1-webapp: 10.1.3.0.0 Stopped
06/09/23 10:49:46.867 10.1.3.0.0 Started
06/09/23 10:49:50.292 Application1-Project1-webapp: 10.1.3.0.0 Started
06/09/23 10:50:30.820 Application1-Project1-webapp: 10.1.3.0.0 Stopped
06/09/23 10:50:31.381 10.1.3.0.0 Started
06/09/23 10:50:33.734 Application1-Project1-webapp: 10.1.3.0.0 Started
06/09/23 10:53:35.175 Application1-Project1-webapp: 10.1.3.0.0 Stopped
06/09/23 10:53:35.526 10.1.3.0.0 Started
06/09/23 10:53:38.200 Application1-Project1-webapp: 10.1.3.0.0 Started
06/09/23 10:56:14.424 Application1-Project1-webapp: 10.1.3.0.0 Stopped
06/09/23 10:56:14.975 10.1.3.0.0 Started
06/09/23 10:56:17.499 Application1-Project1-webapp: 10.1.3.0.0 Started
06/09/26 13:06:07.822 10.1.3.0.0 Started
06/09/26 13:06:22.363 Application1-Project1-webapp: 10.1.3.0.0 Started
06/09/26 13:23:53.925 Application1-Project1-webapp: 10.1.3.0.0 Stopped
06/09/26 13:23:55.87 10.1.3.0.0 Started
06/09/26 13:24:01.155 Application1-Project1-webapp: 10.1.3.0.0 Started
06/09/26 13:24:34.103 Application1-Project1-webapp: Servlet error
javax.servlet.ServletException: Error instantiating servlet 'ex7'. Servlet class project.ex7 not found in web-application Application1-Project1-webapp
	at com.evermind[Oracle Containers for J2EE 10g (10.1.3.0.0) ].server.http.HttpApplication.servletClassNotFound(HttpApplication.java:4674)
	at com.evermind[Oracle Containers for J2EE 10g (10.1.3.0.0) ].server.http.HttpApplication.findServlet(HttpApplication.java:4639)
	at com.evermind[Oracle Containers for J2EE 10g (10.1.3.0.0) ].server.http.HttpApplication.findServlet(HttpApplication.java:4541)
	at com.evermind[Oracle Containers for J2EE 10g (10.1.3.0.0) ].server.http.HttpApplication.getRequestDispatcher(HttpApplication.java:2821)
	at com.evermind[Oracle Containers for J2EE 10g (10.1.3.0.0) ].server.http.HttpRequestHandler.doProcessRequest(HttpRequestHandler.java:740)
	at com.evermind[Oracle Containers for J2EE 10g (10.1.3.0.0) ].server.http.HttpRequestHandler.processRequest(HttpRequestHandler.java:451)
	at com.evermind[Oracle Containers for J2EE 10g (10.1.3.0.0) ].server.http.HttpRequestHandler.serveOneRequest(HttpRequestHandler.java:218)
	at com.evermind[Oracle Containers for J2EE 10g (10.1.3.0.0) ].server.http.HttpRequestHandler.run(HttpRequestHandler.java:119)
	at com.evermind[Oracle Containers for J2EE 10g (10.1.3.0.0) ].server.http.HttpRequestHandler.run(HttpRequestHandler.java:112)
	at oracle.oc4j.network.ServerSocketReadHandler$SafeRunnable.run(ServerSocketReadHandler.java:260)
	at oracle.oc4j.network.ServerSocketAcceptHandler.procClientSocket(ServerSocketAcceptHandler.java:230)
	at oracle.oc4j.network.ServerSocketAcceptHandler.access$800(ServerSocketAcceptHandler.java:33)
	at oracle.oc4j.network.ServerSocketAcceptHandler$AcceptHandlerHorse.run(ServerSocketAcceptHandler.java:831)
	at com.evermind[Oracle Containers for J2EE 10g (10.1.3.0.0) ].util.ReleasableResourcePooledExecutor$MyWorker.run(ReleasableResourcePooledExecutor.java:303)
	at java.lang.Thread.run(Thread.java:595)
06/09/26 13:24:42.975 Application1-Project1-webapp: Servlet error
javax.servlet.ServletException: Error instantiating servlet 'ex7'. Servlet class project.ex7 not found in web-application Application1-Project1-webapp
	at com.evermind[Oracle Containers for J2EE 10g (10.1.3.0.0) ].server.http.HttpApplication.servletClassNotFound(HttpApplication.java:4674)
	at com.evermind[Oracle Containers for J2EE 10g (10.1.3.0.0) ].server.http.HttpApplication.findServlet(HttpApplication.java:4639)
	at com.evermind[Oracle Containers for J2EE 10g (10.1.3.0.0) ].server.http.HttpApplication.findServlet(HttpApplication.java:4541)
	at com.evermind[Oracle Containers for J2EE 10g (10.1.3.0.0) ].server.http.HttpApplication.getRequestDispatcher(HttpApplication.java:2821)
	at com.evermind[Oracle Containers for J2EE 10g (10.1.3.0.0) ].server.http.HttpRequestHandler.doProcessRequest(HttpRequestHandler.java:740)
	at com.evermind[Oracle Containers for J2EE 10g (10.1.3.0.0) ].server.http.HttpRequestHandler.processRequest(HttpRequestHandler.java:451)
	at com.evermind[Oracle Containers for J2EE 10g (10.1.3.0.0) ].server.http.HttpRequestHandler.serveOneRequest(HttpRequestHandler.java:218)
	at com.evermind[Oracle Containers for J2EE 10g (10.1.3.0.0) ].server.http.HttpRequestHandler.run(HttpRequestHandler.java:119)
	at com.evermind[Oracle Containers for J2EE 10g (10.1.3.0.0) ].server.http.HttpRequestHandler.run(HttpRequestHandler.java:112)
	at oracle.oc4j.network.ServerSocketReadHandler$SafeRunnable.run(ServerSocketReadHandler.java:260)
	at oracle.oc4j.network.ServerSocketAcceptHandler.procClientSocket(ServerSocketAcceptHandler.java:230)
	at oracle.oc4j.network.ServerSocketAcceptHandler.access$800(ServerSocketAcceptHandler.java:33)
	at oracle.oc4j.network.ServerSocketAcceptHandler$AcceptHandlerHorse.run(ServerSocketAcceptHandler.java:831)
	at com.evermind[Oracle Containers for J2EE 10g (10.1.3.0.0) ].util.ReleasableResourcePooledExecutor$MyWorker.run(ReleasableResourcePooledExecutor.java:303)
	at java.lang.Thread.run(Thread.java:595)
06/09/26 13:24:52.529 Application1-Project1-webapp: Servlet error
javax.servlet.ServletException: Error instantiating servlet 'ex7'. Servlet class project.ex7 not found in web-application Application1-Project1-webapp
	at com.evermind[Oracle Containers for J2EE 10g (10.1.3.0.0) ].server.http.HttpApplication.servletClassNotFound(HttpApplication.java:4674)
	at com.evermind[Oracle Containers for J2EE 10g (10.1.3.0.0) ].server.http.HttpApplication.findServlet(HttpApplication.java:4639)
	at com.evermind[Oracle Containers for J2EE 10g (10.1.3.0.0) ].server.http.HttpApplication.findServlet(HttpApplication.java:4541)
	at com.evermind[Oracle Containers for J2EE 10g (10.1.3.0.0) ].server.http.HttpApplication.getRequestDispatcher(HttpApplication.java:2821)
	at com.evermind[Oracle Containers for J2EE 10g (10.1.3.0.0) ].server.http.HttpRequestHandler.doProcessRequest(HttpRequestHandler.java:740)
	at com.evermind[Oracle Containers for J2EE 10g (10.1.3.0.0) ].server.http.HttpRequestHandler.processRequest(HttpRequestHandler.java:451)
	at com.evermind[Oracle Containers for J2EE 10g (10.1.3.0.0) ].server.http.HttpRequestHandler.serveOneRequest(HttpRequestHandler.java:218)
	at com.evermind[Oracle Containers for J2EE 10g (10.1.3.0.0) ].server.http.HttpRequestHandler.run(HttpRequestHandler.java:119)
	at com.evermind[Oracle Containers for J2EE 10g (10.1.3.0.0) ].server.http.HttpRequestHandler.run(HttpRequestHandler.java:112)
	at oracle.oc4j.network.ServerSocketReadHandler$SafeRunnable.run(ServerSocketReadHandler.java:260)
	at oracle.oc4j.network.ServerSocketAcceptHandler.procClientSocket(ServerSocketAcceptHandler.java:230)
	at oracle.oc4j.network.ServerSocketAcceptHandler.access$800(ServerSocketAcceptHandler.java:33)
	at oracle.oc4j.network.ServerSocketAcceptHandler$AcceptHandlerHorse.run(ServerSocketAcceptHandler.java:831)
	at com.evermind[Oracle Containers for J2EE 10g (10.1.3.0.0) ].util.ReleasableResourcePooledExecutor$MyWorker.run(ReleasableResourcePooledExecutor.java:303)
	at java.lang.Thread.run(Thread.java:595)
06/09/26 13:25:50.983 Application1-Project1-webapp: 10.1.3.0.0 Stopped
06/09/26 13:25:51.384 10.1.3.0.0 Started
06/09/26 13:25:53.747 Application1-Project1-webapp: 10.1.3.0.0 Started
06/09/26 13:59:17.869 Application1-Project1-webapp: 10.1.3.0.0 Stopped
06/09/26 13:59:31.949 10.1.3.0.0 Started
06/09/26 13:59:46.911 Application1-Project1-webapp: 10.1.3.0.0 Started
06/09/26 14:00:39.567 Application1-Project1-webapp: 10.1.3.0.0 Stopped
06/09/26 14:00:40.788 10.1.3.0.0 Started
06/09/26 14:00:48.980 Application1-Project1-webapp: 10.1.3.0.0 Started
06/09/26 14:11:23.993 Application1-Project1-webapp: 10.1.3.0.0 Stopped
06/09/26 14:11:25.656 10.1.3.0.0 Started
06/09/26 14:11:32.596 Application1-Project1-webapp: 10.1.3.0.0 Started
06/09/26 14:11:38.594 Application1-Project1-webapp: Servlet error
java.lang.IllegalArgumentException: path must begin with a "/"
	at com.evermind[Oracle Containers for J2EE 10g (10.1.3.0.0) ].server.http.HttpApplication.getRequestDispatcher(HttpApplication.java:1532)
	at ex9.doPost(ex9.java:18)
	at javax.servlet.http.HttpServlet.service(HttpServlet.java:763)
	at javax.servlet.http.HttpServlet.service(HttpServlet.java:856)
	at com.evermind[Oracle Containers for J2EE 10g (10.1.3.0.0) ].server.http.ServletRequestDispatcher.invoke(ServletRequestDispatcher.java:719)
	at com.evermind[Oracle Containers for J2EE 10g (10.1.3.0.0) ].server.http.ServletRequestDispatcher.forwardInternal(ServletRequestDispatcher.java:376)
	at com.evermind[Oracle Containers for J2EE 10g (10.1.3.0.0) ].server.http.HttpRequestHandler.doProcessRequest(HttpRequestHandler.java:870)
	at com.evermind[Oracle Containers for J2EE 10g (10.1.3.0.0) ].server.http.HttpRequestHandler.processRequest(HttpRequestHandler.java:451)
	at com.evermind[Oracle Containers for J2EE 10g (10.1.3.0.0) ].server.http.HttpRequestHandler.serveOneRequest(HttpRequestHandler.java:218)
	at com.evermind[Oracle Containers for J2EE 10g (10.1.3.0.0) ].server.http.HttpRequestHandler.run(HttpRequestHandler.java:119)
	at com.evermind[Oracle Containers for J2EE 10g (10.1.3.0.0) ].server.http.HttpRequestHandler.run(HttpRequestHandler.java:112)
	at oracle.oc4j.network.ServerSocketReadHandler$SafeRunnable.run(ServerSocketReadHandler.java:260)
	at oracle.oc4j.network.ServerSocketAcceptHandler.procClientSocket(ServerSocketAcceptHandler.java:230)
	at oracle.oc4j.network.ServerSocketAcceptHandler.access$800(ServerSocketAcceptHandler.java:33)
	at oracle.oc4j.network.ServerSocketAcceptHandler$AcceptHandlerHorse.run(ServerSocketAcceptHandler.java:831)
	at com.evermind[Oracle Containers for J2EE 10g (10.1.3.0.0) ].util.ReleasableResourcePooledExecutor$MyWorker.run(ReleasableResourcePooledExecutor.java:303)
	at java.lang.Thread.run(Thread.java:595)
06/09/26 14:27:23.843 Application1-Project1-webapp: 10.1.3.0.0 Stopped
06/09/26 14:27:25.526 10.1.3.0.0 Started
06/09/26 14:27:33.537 Application1-Project1-webapp: 10.1.3.0.0 Started
06/09/26 16:12:49.394 Application1-Project1-webapp: 10.1.3.0.0 Stopped
06/09/26 16:12:51.237 10.1.3.0.0 Started
06/09/26 16:12:58.888 Application1-Project1-webapp: 10.1.3.0.0 Started
06/09/26 16:17:58.469 Application1-Project1-webapp: 10.1.3.0.0 Stopped
06/09/26 16:17:59.330 10.1.3.0.0 Started
06/09/26 16:18:02.965 Application1-Project1-webapp: 10.1.3.0.0 Started
06/10/01 19:42:45.641 10.1.3.0.0 Started
06/10/01 19:43:03.417 Application1-Project1-webapp: 10.1.3.0.0 Started
06/10/01 19:47:39.484 Application1-Project1-webapp: 10.1.3.0.0 Stopped
06/10/01 19:47:40.966 10.1.3.0.0 Started
06/10/01 19:47:48.196 Application1-Project1-webapp: 10.1.3.0.0 Started
06/10/09 14:00:46.797 10.1.3.0.0 Started
06/10/09 14:01:05.955 Application1-Project1-webapp: 10.1.3.0.0 Started
06/10/09 14:04:30.539 Application1-Project1-webapp: 10.1.3.0.0 Stopped
06/10/09 14:04:31.260 10.1.3.0.0 Started
06/10/09 14:04:36.437 Application1-Project1-webapp: 10.1.3.0.0 Started
10/01/04 03:17:58.963 10.1.3.3.0 Started
10/01/04 03:18:03.441 Application1-Project1-webapp: 10.1.3.3.0 Started
10/01/04 03:18:43.605 Application1-Project1-webapp: 10.1.3.3.0 Stopped
10/01/04 03:18:44.229 10.1.3.3.0 Started
10/01/04 03:18:52.325 10.1.3.3.0 Started
10/01/04 03:18:55.289 Application1-Project1-webapp: 10.1.3.3.0 Started
10/01/04 03:20:24.811 Application1-Project1-webapp: 10.1.3.3.0 Stopped
10/01/04 03:20:25.342 10.1.3.3.0 Started
10/01/04 03:20:28.134 Application1-Project1-webapp: 10.1.3.3.0 Started
10/01/04 03:21:22.982 Application1-Project1-webapp: 10.1.3.3.0 Stopped
10/01/04 03:21:23.372 10.1.3.3.0 Started
10/01/04 03:21:26.274 Application1-Project1-webapp: 10.1.3.3.0 Started
10/01/04 03:21:55.874 Application1-Project1-webapp: 10.1.3.3.0 Stopped
10/01/04 03:21:56.217 10.1.3.3.0 Started
10/01/04 03:21:59.212 Application1-Project1-webapp: 10.1.3.3.0 Started
10/01/04 03:22:38.844 Application1-Project1-webapp: 10.1.3.3.0 Stopped
10/01/04 03:22:39.188 10.1.3.3.0 Started
10/01/04 03:22:42.152 Application1-Project1-webapp: 10.1.3.3.0 Started
10/01/04 03:23:26.964 Application1-Project1-webapp: 10.1.3.3.0 Stopped
10/01/04 03:23:27.339 10.1.3.3.0 Started
10/01/04 03:23:30.84 Application1-Project1-webapp: 10.1.3.3.0 Started
10/01/04 03:24:30.48 Application1-Project1-webapp: 10.1.3.3.0 Stopped
10/01/04 03:24:30.423 10.1.3.3.0 Started
10/01/04 03:24:33.340 Application1-Project1-webapp: 10.1.3.3.0 Started
10/01/04 03:25:23.108 Application1-Project1-webapp: 10.1.3.3.0 Stopped
10/01/04 03:25:23.435 10.1.3.3.0 Started
10/01/04 03:25:26.368 Application1-Project1-webapp: 10.1.3.3.0 Started
10/01/04 17:32:14.466 10.1.3.3.0 Started
10/01/04 17:32:18.101 Application1-Project1-webapp: 10.1.3.3.0 Started
10/01/07 17:12:29.306 10.1.3.3.0 Started
10/01/07 17:12:33.299 Application1-Project1-webapp: 10.1.3.3.0 Started
10/01/07 17:20:48.882 Application1-Project1-webapp: 10.1.3.3.0 Stopped
10/01/07 17:20:49.334 10.1.3.3.0 Started
10/01/07 17:20:52.376 Application1-Project1-webapp: 10.1.3.3.0 Started
