17/05/09 15:05:56.883 10.1.3.3.0 Started
17/05/09 15:06:00.692 okowitz11-okowitz11-webapp: 10.1.3.3.0 Started
17/05/09 15:06:01.21 okowitz11-okowitz11-webapp: dwr-invoker: Error setting class=dwr1.okowitz11 on org.directwebremoting.create.NewCreator
java.lang.IllegalArgumentException: Class not found: dwr1.okowitz11
	at org.directwebremoting.create.NewCreator.setClass(NewCreator.java:46)
	at sun.reflect.NativeMethodAccessorImpl.invoke0(Native Method)
	at sun.reflect.NativeMethodAccessorImpl.invoke(NativeMethodAccessorImpl.java:39)
	at sun.reflect.DelegatingMethodAccessorImpl.invoke(DelegatingMethodAccessorImpl.java:25)
	at java.lang.reflect.Method.invoke(Method.java:585)
	at org.directwebremoting.util.LocalUtil.setProperty(LocalUtil.java:356)
	at org.directwebremoting.util.LocalUtil.setParams(LocalUtil.java:315)
	at org.directwebremoting.impl.DefaultCreatorManager.addCreator(DefaultCreatorManager.java:94)
	at org.directwebremoting.impl.DwrXmlConfigurator.loadCreate(DwrXmlConfigurator.java:274)
	at org.directwebremoting.impl.DwrXmlConfigurator.loadAllows(DwrXmlConfigurator.java:224)
	at org.directwebremoting.impl.DwrXmlConfigurator.configure(DwrXmlConfigurator.java:170)
	at org.directwebremoting.impl.ContainerUtil.configureFromDefaultDwrXml(ContainerUtil.java:239)
	at org.directwebremoting.impl.ContainerUtil.configureContainerFully(ContainerUtil.java:396)
	at org.directwebremoting.servlet.DwrServlet.init(DwrServlet.java:77)
	at com.evermind[Oracle Containers for J2EE 10g (10.1.3.3.0) ].server.http.HttpApplication.loadServlet(HttpApplication.java:2371)
	at com.evermind[Oracle Containers for J2EE 10g (10.1.3.3.0) ].server.http.HttpApplication.findServlet(HttpApplication.java:4824)
	at com.evermind[Oracle Containers for J2EE 10g (10.1.3.3.0) ].server.http.HttpApplication.findServlet(HttpApplication.java:4748)
	at com.evermind[Oracle Containers for J2EE 10g (10.1.3.3.0) ].server.http.HttpApplication.getRequestDispatcher(HttpApplication.java:2971)
	at com.evermind[Oracle Containers for J2EE 10g (10.1.3.3.0) ].server.http.HttpRequestHandler.doProcessRequest(HttpRequestHandler.java:741)
	at com.evermind[Oracle Containers for J2EE 10g (10.1.3.3.0) ].server.http.HttpRequestHandler.processRequest(HttpRequestHandler.java:453)
	at com.evermind[Oracle Containers for J2EE 10g (10.1.3.3.0) ].server.http.HttpRequestHandler.serveOneRequest(HttpRequestHandler.java:221)
	at com.evermind[Oracle Containers for J2EE 10g (10.1.3.3.0) ].server.http.HttpRequestHandler.run(HttpRequestHandler.java:122)
	at com.evermind[Oracle Containers for J2EE 10g (10.1.3.3.0) ].server.http.HttpRequestHandler.run(HttpRequestHandler.java:111)
	at oracle.oc4j.network.ServerSocketReadHandler$SafeRunnable.run(ServerSocketReadHandler.java:260)
	at com.evermind[Oracle Containers for J2EE 10g (10.1.3.3.0) ].util.ReleasableResourcePooledExecutor$MyWorker.run(ReleasableResourcePooledExecutor.java:303)
	at java.lang.Thread.run(Thread.java:595)
17/05/09 15:06:01.21 okowitz11-okowitz11-webapp: dwr-invoker: Creator: 'NewCreator[okowitz11Script]' for okowitz11Script.js is returning null for type queries.
17/05/09 15:06:01.26 okowitz11-okowitz11-webapp: dwr-invoker: Names of known classes are: 
17/05/09 15:06:01.32 okowitz11-okowitz11-webapp: dwr-invoker: Error: java.lang.SecurityException: No class by name: okowitz11
17/05/09 15:06:01.43 okowitz11-okowitz11-webapp: dwr-invoker: Sent 501
java.lang.SecurityException: No class by name: okowitz11
	at org.directwebremoting.impl.DefaultCreatorManager.getCreator(DefaultCreatorManager.java:167)
	at org.directwebremoting.impl.DefaultRemoter.generateInterfaceScript(DefaultRemoter.java:155)
	at org.directwebremoting.servlet.InterfaceHandler.handle(InterfaceHandler.java:45)
	at org.directwebremoting.servlet.UrlProcessor.handle(UrlProcessor.java:101)
	at org.directwebremoting.servlet.DwrServlet.doPost(DwrServlet.java:120)
	at org.directwebremoting.servlet.DwrServlet.doGet(DwrServlet.java:106)
	at javax.servlet.http.HttpServlet.service(HttpServlet.java:743)
	at javax.servlet.http.HttpServlet.service(HttpServlet.java:856)
	at com.evermind[Oracle Containers for J2EE 10g (10.1.3.3.0) ].server.http.ServletRequestDispatcher.invoke(ServletRequestDispatcher.java:713)
	at com.evermind[Oracle Containers for J2EE 10g (10.1.3.3.0) ].server.http.ServletRequestDispatcher.forwardInternal(ServletRequestDispatcher.java:370)
	at com.evermind[Oracle Containers for J2EE 10g (10.1.3.3.0) ].server.http.HttpRequestHandler.doProcessRequest(HttpRequestHandler.java:871)
	at com.evermind[Oracle Containers for J2EE 10g (10.1.3.3.0) ].server.http.HttpRequestHandler.processRequest(HttpRequestHandler.java:453)
	at com.evermind[Oracle Containers for J2EE 10g (10.1.3.3.0) ].server.http.HttpRequestHandler.serveOneRequest(HttpRequestHandler.java:221)
	at com.evermind[Oracle Containers for J2EE 10g (10.1.3.3.0) ].server.http.HttpRequestHandler.run(HttpRequestHandler.java:122)
	at com.evermind[Oracle Containers for J2EE 10g (10.1.3.3.0) ].server.http.HttpRequestHandler.run(HttpRequestHandler.java:111)
	at oracle.oc4j.network.ServerSocketReadHandler$SafeRunnable.run(ServerSocketReadHandler.java:260)
	at com.evermind[Oracle Containers for J2EE 10g (10.1.3.3.0) ].util.ReleasableResourcePooledExecutor$MyWorker.run(ReleasableResourcePooledExecutor.java:303)
	at java.lang.Thread.run(Thread.java:595)
17/05/13 00:40:23.145 10.1.3.3.0 Started
17/05/13 00:40:32.383 okowitz11-okowitz11-webapp: 10.1.3.3.0 Started
17/05/13 00:40:34.84 okowitz11-okowitz11-webapp: dwr-invoker: Names of known classes are: okowitz11Script 
17/05/13 00:40:34.100 okowitz11-okowitz11-webapp: dwr-invoker: Error: java.lang.SecurityException: No class by name: okowitz11
17/05/13 00:40:34.100 okowitz11-okowitz11-webapp: dwr-invoker: Sent 501
java.lang.SecurityException: No class by name: okowitz11
	at org.directwebremoting.impl.DefaultCreatorManager.getCreator(DefaultCreatorManager.java:167)
	at org.directwebremoting.impl.DefaultRemoter.generateInterfaceScript(DefaultRemoter.java:155)
	at org.directwebremoting.servlet.InterfaceHandler.handle(InterfaceHandler.java:45)
	at org.directwebremoting.servlet.UrlProcessor.handle(UrlProcessor.java:101)
	at org.directwebremoting.servlet.DwrServlet.doPost(DwrServlet.java:120)
	at org.directwebremoting.servlet.DwrServlet.doGet(DwrServlet.java:106)
	at javax.servlet.http.HttpServlet.service(HttpServlet.java:743)
	at javax.servlet.http.HttpServlet.service(HttpServlet.java:856)
	at com.evermind[Oracle Containers for J2EE 10g (10.1.3.3.0) ].server.http.ServletRequestDispatcher.invoke(ServletRequestDispatcher.java:713)
	at com.evermind[Oracle Containers for J2EE 10g (10.1.3.3.0) ].server.http.ServletRequestDispatcher.forwardInternal(ServletRequestDispatcher.java:370)
	at com.evermind[Oracle Containers for J2EE 10g (10.1.3.3.0) ].server.http.HttpRequestHandler.doProcessRequest(HttpRequestHandler.java:871)
	at com.evermind[Oracle Containers for J2EE 10g (10.1.3.3.0) ].server.http.HttpRequestHandler.processRequest(HttpRequestHandler.java:453)
	at com.evermind[Oracle Containers for J2EE 10g (10.1.3.3.0) ].server.http.HttpRequestHandler.serveOneRequest(HttpRequestHandler.java:221)
	at com.evermind[Oracle Containers for J2EE 10g (10.1.3.3.0) ].server.http.HttpRequestHandler.run(HttpRequestHandler.java:122)
	at com.evermind[Oracle Containers for J2EE 10g (10.1.3.3.0) ].server.http.HttpRequestHandler.run(HttpRequestHandler.java:111)
	at oracle.oc4j.network.ServerSocketReadHandler$SafeRunnable.run(ServerSocketReadHandler.java:260)
	at com.evermind[Oracle Containers for J2EE 10g (10.1.3.3.0) ].util.ReleasableResourcePooledExecutor$MyWorker.run(ReleasableResourcePooledExecutor.java:303)
	at java.lang.Thread.run(Thread.java:595)
17/05/13 00:42:31.859 10.1.3.3.0 Started
17/05/13 00:42:51.159 10.1.3.3.0 Started
17/05/13 00:42:56.409 okowitz11-okowitz11-webapp: 10.1.3.3.0 Started
17/05/13 00:42:57.34 okowitz11-okowitz11-webapp: dwr-invoker: Names of known classes are: okowitz11Script 
17/05/13 00:42:57.81 okowitz11-okowitz11-webapp: dwr-invoker: Error: java.lang.SecurityException: No class by name: okowitz11
17/05/13 00:42:57.81 okowitz11-okowitz11-webapp: dwr-invoker: Sent 501
java.lang.SecurityException: No class by name: okowitz11
	at org.directwebremoting.impl.DefaultCreatorManager.getCreator(DefaultCreatorManager.java:167)
	at org.directwebremoting.impl.DefaultRemoter.generateInterfaceScript(DefaultRemoter.java:155)
	at org.directwebremoting.servlet.InterfaceHandler.handle(InterfaceHandler.java:45)
	at org.directwebremoting.servlet.UrlProcessor.handle(UrlProcessor.java:101)
	at org.directwebremoting.servlet.DwrServlet.doPost(DwrServlet.java:120)
	at org.directwebremoting.servlet.DwrServlet.doGet(DwrServlet.java:106)
	at javax.servlet.http.HttpServlet.service(HttpServlet.java:743)
	at javax.servlet.http.HttpServlet.service(HttpServlet.java:856)
	at com.evermind[Oracle Containers for J2EE 10g (10.1.3.3.0) ].server.http.ServletRequestDispatcher.invoke(ServletRequestDispatcher.java:713)
	at com.evermind[Oracle Containers for J2EE 10g (10.1.3.3.0) ].server.http.ServletRequestDispatcher.forwardInternal(ServletRequestDispatcher.java:370)
	at com.evermind[Oracle Containers for J2EE 10g (10.1.3.3.0) ].server.http.HttpRequestHandler.doProcessRequest(HttpRequestHandler.java:871)
	at com.evermind[Oracle Containers for J2EE 10g (10.1.3.3.0) ].server.http.HttpRequestHandler.processRequest(HttpRequestHandler.java:453)
	at com.evermind[Oracle Containers for J2EE 10g (10.1.3.3.0) ].server.http.HttpRequestHandler.serveOneRequest(HttpRequestHandler.java:221)
	at com.evermind[Oracle Containers for J2EE 10g (10.1.3.3.0) ].server.http.HttpRequestHandler.run(HttpRequestHandler.java:122)
	at com.evermind[Oracle Containers for J2EE 10g (10.1.3.3.0) ].server.http.HttpRequestHandler.run(HttpRequestHandler.java:111)
	at oracle.oc4j.network.ServerSocketReadHandler$SafeRunnable.run(ServerSocketReadHandler.java:260)
	at oracle.oc4j.network.ServerSocketAcceptHandler.procClientSocket(ServerSocketAcceptHandler.java:239)
	at oracle.oc4j.network.ServerSocketAcceptHandler.access$700(ServerSocketAcceptHandler.java:34)
	at oracle.oc4j.network.ServerSocketAcceptHandler$AcceptHandlerHorse.run(ServerSocketAcceptHandler.java:880)
	at com.evermind[Oracle Containers for J2EE 10g (10.1.3.3.0) ].util.ReleasableResourcePooledExecutor$MyWorker.run(ReleasableResourcePooledExecutor.java:298)
	at java.lang.Thread.run(Thread.java:595)
17/05/13 00:44:49.376 10.1.3.3.0 Started
17/05/13 00:44:54.492 okowitz11-okowitz11-webapp: 10.1.3.3.0 Started
17/05/13 00:44:55.259 okowitz11-okowitz11-webapp: dwr-invoker: Names of known classes are: okowitz11Script 
17/05/13 00:44:55.337 okowitz11-okowitz11-webapp: dwr-invoker: Error: java.lang.SecurityException: No class by name: okowitz11
17/05/13 00:44:55.337 okowitz11-okowitz11-webapp: dwr-invoker: Sent 501
java.lang.SecurityException: No class by name: okowitz11
	at org.directwebremoting.impl.DefaultCreatorManager.getCreator(DefaultCreatorManager.java:167)
	at org.directwebremoting.impl.DefaultRemoter.generateInterfaceScript(DefaultRemoter.java:155)
	at org.directwebremoting.servlet.InterfaceHandler.handle(InterfaceHandler.java:45)
	at org.directwebremoting.servlet.UrlProcessor.handle(UrlProcessor.java:101)
	at org.directwebremoting.servlet.DwrServlet.doPost(DwrServlet.java:120)
	at org.directwebremoting.servlet.DwrServlet.doGet(DwrServlet.java:106)
	at javax.servlet.http.HttpServlet.service(HttpServlet.java:743)
	at javax.servlet.http.HttpServlet.service(HttpServlet.java:856)
	at com.evermind[Oracle Containers for J2EE 10g (10.1.3.3.0) ].server.http.ServletRequestDispatcher.invoke(ServletRequestDispatcher.java:713)
	at com.evermind[Oracle Containers for J2EE 10g (10.1.3.3.0) ].server.http.ServletRequestDispatcher.forwardInternal(ServletRequestDispatcher.java:370)
	at com.evermind[Oracle Containers for J2EE 10g (10.1.3.3.0) ].server.http.HttpRequestHandler.doProcessRequest(HttpRequestHandler.java:871)
	at com.evermind[Oracle Containers for J2EE 10g (10.1.3.3.0) ].server.http.HttpRequestHandler.processRequest(HttpRequestHandler.java:453)
	at com.evermind[Oracle Containers for J2EE 10g (10.1.3.3.0) ].server.http.HttpRequestHandler.serveOneRequest(HttpRequestHandler.java:221)
	at com.evermind[Oracle Containers for J2EE 10g (10.1.3.3.0) ].server.http.HttpRequestHandler.run(HttpRequestHandler.java:122)
	at com.evermind[Oracle Containers for J2EE 10g (10.1.3.3.0) ].server.http.HttpRequestHandler.run(HttpRequestHandler.java:111)
	at oracle.oc4j.network.ServerSocketReadHandler$SafeRunnable.run(ServerSocketReadHandler.java:260)
	at oracle.oc4j.network.ServerSocketAcceptHandler.procClientSocket(ServerSocketAcceptHandler.java:239)
	at oracle.oc4j.network.ServerSocketAcceptHandler.access$700(ServerSocketAcceptHandler.java:34)
	at oracle.oc4j.network.ServerSocketAcceptHandler$AcceptHandlerHorse.run(ServerSocketAcceptHandler.java:880)
	at com.evermind[Oracle Containers for J2EE 10g (10.1.3.3.0) ].util.ReleasableResourcePooledExecutor$MyWorker.run(ReleasableResourcePooledExecutor.java:298)
	at java.lang.Thread.run(Thread.java:595)
17/05/13 00:48:27.733 10.1.3.3.0 Started
17/05/13 00:48:32.958 okowitz11-okowitz11-webapp: 10.1.3.3.0 Started
17/05/13 00:48:33.583 okowitz11-okowitz11-webapp: dwr-invoker: Names of known classes are: okowitz11Script 
17/05/13 00:48:33.630 okowitz11-okowitz11-webapp: dwr-invoker: Error: java.lang.SecurityException: No class by name: okowitz11
17/05/13 00:48:33.630 okowitz11-okowitz11-webapp: dwr-invoker: Sent 501
java.lang.SecurityException: No class by name: okowitz11
	at org.directwebremoting.impl.DefaultCreatorManager.getCreator(DefaultCreatorManager.java:167)
	at org.directwebremoting.impl.DefaultRemoter.generateInterfaceScript(DefaultRemoter.java:155)
	at org.directwebremoting.servlet.InterfaceHandler.handle(InterfaceHandler.java:45)
	at org.directwebremoting.servlet.UrlProcessor.handle(UrlProcessor.java:101)
	at org.directwebremoting.servlet.DwrServlet.doPost(DwrServlet.java:120)
	at org.directwebremoting.servlet.DwrServlet.doGet(DwrServlet.java:106)
	at javax.servlet.http.HttpServlet.service(HttpServlet.java:743)
	at javax.servlet.http.HttpServlet.service(HttpServlet.java:856)
	at com.evermind[Oracle Containers for J2EE 10g (10.1.3.3.0) ].server.http.ServletRequestDispatcher.invoke(ServletRequestDispatcher.java:713)
	at com.evermind[Oracle Containers for J2EE 10g (10.1.3.3.0) ].server.http.ServletRequestDispatcher.forwardInternal(ServletRequestDispatcher.java:370)
	at com.evermind[Oracle Containers for J2EE 10g (10.1.3.3.0) ].server.http.HttpRequestHandler.doProcessRequest(HttpRequestHandler.java:871)
	at com.evermind[Oracle Containers for J2EE 10g (10.1.3.3.0) ].server.http.HttpRequestHandler.processRequest(HttpRequestHandler.java:453)
	at com.evermind[Oracle Containers for J2EE 10g (10.1.3.3.0) ].server.http.HttpRequestHandler.serveOneRequest(HttpRequestHandler.java:221)
	at com.evermind[Oracle Containers for J2EE 10g (10.1.3.3.0) ].server.http.HttpRequestHandler.run(HttpRequestHandler.java:122)
	at com.evermind[Oracle Containers for J2EE 10g (10.1.3.3.0) ].server.http.HttpRequestHandler.run(HttpRequestHandler.java:111)
	at oracle.oc4j.network.ServerSocketReadHandler$SafeRunnable.run(ServerSocketReadHandler.java:260)
	at oracle.oc4j.network.ServerSocketAcceptHandler.procClientSocket(ServerSocketAcceptHandler.java:239)
	at oracle.oc4j.network.ServerSocketAcceptHandler.access$700(ServerSocketAcceptHandler.java:34)
	at oracle.oc4j.network.ServerSocketAcceptHandler$AcceptHandlerHorse.run(ServerSocketAcceptHandler.java:880)
	at com.evermind[Oracle Containers for J2EE 10g (10.1.3.3.0) ].util.ReleasableResourcePooledExecutor$MyWorker.run(ReleasableResourcePooledExecutor.java:298)
	at java.lang.Thread.run(Thread.java:595)
