17/05/03 12:01:36.315 10.1.3.3.0 Started
17/05/03 12:01:39.765 okowitz9-okowitz9-webapp: 10.1.3.3.0 Started
17/05/03 12:03:30.602 10.1.3.3.0 Started
17/05/03 12:03:32.583 okowitz9-okowitz9-webapp: 10.1.3.3.0 Started
17/05/03 12:04:10.450 okowitz9-okowitz9-webapp: Servlet error
javax.servlet.jsp.JspException: An error occurred while evaluating custom action attribute "items" with value "${results.customerid}": Unable to find a value for "customerid" in object of class "org.apache.taglibs.standard.tag.common.sql.ResultImpl" using operator "." (null)
	at org.apache.taglibs.standard.lang.jstl.Evaluator.evaluate(Evaluator.java:109)
	at org.apache.taglibs.standard.lang.jstl.Evaluator.evaluate(Evaluator.java:129)
	at org.apache.taglibs.standard.lang.support.ExpressionEvaluatorManager.evaluate(ExpressionEvaluatorManager.java:75)
	at org.apache.taglibs.standard.tag.el.core.ForEachTag.evaluateExpressions(ForEachTag.java:155)
	at org.apache.taglibs.standard.tag.el.core.ForEachTag.doStartTag(ForEachTag.java:66)
	at _okowitz9a._jspService(_okowitz9a.java:90)
	at com.orionserver[Oracle Containers for J2EE 10g (10.1.3.3.0) ].http.OrionHttpJspPage.service(OrionHttpJspPage.java:59)
	at oracle.jsp.runtimev2.JspPageTable.service(JspPageTable.java:462)
	at oracle.jsp.runtimev2.JspServlet.internalService(JspServlet.java:594)
	at oracle.jsp.runtimev2.JspServlet.service(JspServlet.java:518)
	at javax.servlet.http.HttpServlet.service(HttpServlet.java:856)
	at com.evermind[Oracle Containers for J2EE 10g (10.1.3.3.0) ].server.http.ServletRequestDispatcher.invoke(ServletRequestDispatcher.java:713)
	at com.evermind[Oracle Containers for J2EE 10g (10.1.3.3.0) ].server.http.ServletRequestDispatcher.forwardInternal(ServletRequestDispatcher.java:370)
	at com.evermind[Oracle Containers for J2EE 10g (10.1.3.3.0) ].server.http.HttpRequestHandler.doProcessRequest(HttpRequestHandler.java:871)
	at com.evermind[Oracle Containers for J2EE 10g (10.1.3.3.0) ].server.http.HttpRequestHandler.processRequest(HttpRequestHandler.java:453)
	at com.evermind[Oracle Containers for J2EE 10g (10.1.3.3.0) ].server.http.HttpRequestHandler.serveOneRequest(HttpRequestHandler.java:221)
	at com.evermind[Oracle Containers for J2EE 10g (10.1.3.3.0) ].server.http.HttpRequestHandler.run(HttpRequestHandler.java:122)
	at com.evermind[Oracle Containers for J2EE 10g (10.1.3.3.0) ].server.http.HttpRequestHandler.run(HttpRequestHandler.java:111)
	at oracle.oc4j.network.ServerSocketReadHandler$SafeRunnable.run(ServerSocketReadHandler.java:260)
	at oracle.oc4j.network.ServerSocketAcceptHandler.procClientSocket(ServerSocketAcceptHandler.java:239)
	at oracle.oc4j.network.ServerSocketAcceptHandler.access$700(ServerSocketAcceptHandler.java:34)
	at oracle.oc4j.network.ServerSocketAcceptHandler$AcceptHandlerHorse.run(ServerSocketAcceptHandler.java:880)
	at com.evermind[Oracle Containers for J2EE 10g (10.1.3.3.0) ].util.ReleasableResourcePooledExecutor$MyWorker.run(ReleasableResourcePooledExecutor.java:298)
	at java.lang.Thread.run(Thread.java:595)
17/05/03 12:06:34.448 10.1.3.3.0 Started
17/05/03 12:06:37.67 okowitz9-okowitz9-webapp: 10.1.3.3.0 Started
17/05/03 12:06:56.292 okowitz9-okowitz9-webapp: Servlet error
javax.servlet.jsp.JspException: An error occurred while evaluating custom action attribute "items" with value "${results.customerid}": Unable to find a value for "customerid" in object of class "org.apache.taglibs.standard.tag.common.sql.ResultImpl" using operator "." (null)
	at org.apache.taglibs.standard.lang.jstl.Evaluator.evaluate(Evaluator.java:109)
	at org.apache.taglibs.standard.lang.jstl.Evaluator.evaluate(Evaluator.java:129)
	at org.apache.taglibs.standard.lang.support.ExpressionEvaluatorManager.evaluate(ExpressionEvaluatorManager.java:75)
	at org.apache.taglibs.standard.tag.el.core.ForEachTag.evaluateExpressions(ForEachTag.java:155)
	at org.apache.taglibs.standard.tag.el.core.ForEachTag.doStartTag(ForEachTag.java:66)
	at _okowitz9a._jspService(_okowitz9a.java:89)
	at com.orionserver[Oracle Containers for J2EE 10g (10.1.3.3.0) ].http.OrionHttpJspPage.service(OrionHttpJspPage.java:59)
	at oracle.jsp.runtimev2.JspPageTable.service(JspPageTable.java:462)
	at oracle.jsp.runtimev2.JspServlet.internalService(JspServlet.java:594)
	at oracle.jsp.runtimev2.JspServlet.service(JspServlet.java:518)
	at javax.servlet.http.HttpServlet.service(HttpServlet.java:856)
	at com.evermind[Oracle Containers for J2EE 10g (10.1.3.3.0) ].server.http.ServletRequestDispatcher.invoke(ServletRequestDispatcher.java:713)
	at com.evermind[Oracle Containers for J2EE 10g (10.1.3.3.0) ].server.http.ServletRequestDispatcher.forwardInternal(ServletRequestDispatcher.java:370)
	at com.evermind[Oracle Containers for J2EE 10g (10.1.3.3.0) ].server.http.HttpRequestHandler.doProcessRequest(HttpRequestHandler.java:871)
	at com.evermind[Oracle Containers for J2EE 10g (10.1.3.3.0) ].server.http.HttpRequestHandler.processRequest(HttpRequestHandler.java:453)
	at com.evermind[Oracle Containers for J2EE 10g (10.1.3.3.0) ].server.http.HttpRequestHandler.serveOneRequest(HttpRequestHandler.java:221)
	at com.evermind[Oracle Containers for J2EE 10g (10.1.3.3.0) ].server.http.HttpRequestHandler.run(HttpRequestHandler.java:122)
	at com.evermind[Oracle Containers for J2EE 10g (10.1.3.3.0) ].server.http.HttpRequestHandler.run(HttpRequestHandler.java:111)
	at oracle.oc4j.network.ServerSocketReadHandler$SafeRunnable.run(ServerSocketReadHandler.java:260)
	at oracle.oc4j.network.ServerSocketAcceptHandler.procClientSocket(ServerSocketAcceptHandler.java:239)
	at oracle.oc4j.network.ServerSocketAcceptHandler.access$700(ServerSocketAcceptHandler.java:34)
	at oracle.oc4j.network.ServerSocketAcceptHandler$AcceptHandlerHorse.run(ServerSocketAcceptHandler.java:880)
	at com.evermind[Oracle Containers for J2EE 10g (10.1.3.3.0) ].util.ReleasableResourcePooledExecutor$MyWorker.run(ReleasableResourcePooledExecutor.java:298)
	at java.lang.Thread.run(Thread.java:595)
17/05/03 12:12:29.727 10.1.3.3.0 Started
17/05/03 12:12:32.647 okowitz9-okowitz9-webapp: 10.1.3.3.0 Started
17/05/03 12:20:48.785 10.1.3.3.0 Started
17/05/03 12:20:51.28 okowitz9-okowitz9-webapp: 10.1.3.3.0 Started
