17/03/10 22:44:58.236 10.1.3.3.0 Started
17/03/10 22:45:00.909 okowitz5-okowitz5-webapp: 10.1.3.3.0 Started
17/03/10 22:45:38.708 okowitz5-okowitz5-webapp: Servlet error
java.lang.NullPointerException
	at okowitz5a.doPost(okowitz5a.java:148)
	at javax.servlet.http.HttpServlet.service(HttpServlet.java:763)
	at javax.servlet.http.HttpServlet.service(HttpServlet.java:856)
	at com.evermind[Oracle Containers for J2EE 10g (10.1.3.3.0) ].server.http.ServletRequestDispatcher.invoke(ServletRequestDispatcher.java:713)
	at com.evermind[Oracle Containers for J2EE 10g (10.1.3.3.0) ].server.http.ServletRequestDispatcher.forwardInternal(ServletRequestDispatcher.java:370)
	at com.evermind[Oracle Containers for J2EE 10g (10.1.3.3.0) ].server.http.HttpRequestHandler.doProcessRequest(HttpRequestHandler.java:871)
	at com.evermind[Oracle Containers for J2EE 10g (10.1.3.3.0) ].server.http.HttpRequestHandler.processRequest(HttpRequestHandler.java:453)
	at com.evermind[Oracle Containers for J2EE 10g (10.1.3.3.0) ].server.http.HttpRequestHandler.serveOneRequest(HttpRequestHandler.java:221)
	at com.evermind[Oracle Containers for J2EE 10g (10.1.3.3.0) ].server.http.HttpRequestHandler.run(HttpRequestHandler.java:122)
	at com.evermind[Oracle Containers for J2EE 10g (10.1.3.3.0) ].server.http.HttpRequestHandler.run(HttpRequestHandler.java:111)
	at oracle.oc4j.network.ServerSocketReadHandler$SafeRunnable.run(ServerSocketReadHandler.java:260)
	at oracle.oc4j.network.ServerSocketAcceptHandler.procClientSocket(ServerSocketAcceptHandler.java:239)
	at oracle.oc4j.network.ServerSocketAcceptHandler.access$700(ServerSocketAcceptHandler.java:34)
	at oracle.oc4j.network.ServerSocketAcceptHandler$AcceptHandlerHorse.run(ServerSocketAcceptHandler.java:880)
	at com.evermind[Oracle Containers for J2EE 10g (10.1.3.3.0) ].util.ReleasableResourcePooledExecutor$MyWorker.run(ReleasableResourcePooledExecutor.java:303)
	at java.lang.Thread.run(Thread.java:595)
17/03/22 18:05:01.495 10.1.3.3.0 Started
17/03/22 18:05:03.266 okowitz5-okowitz5-webapp: 10.1.3.3.0 Started
17/03/22 18:55:21.313 10.1.3.3.0 Started
17/03/22 18:55:23.182 okowitz5-okowitz5-webapp: 10.1.3.3.0 Started
17/03/22 18:55:45.529 10.1.3.3.0 Started
17/03/22 18:55:46.774 okowitz5-okowitz5-webapp: 10.1.3.3.0 Started
17/03/22 18:56:49.648 10.1.3.3.0 Started
17/03/22 18:56:51.741 okowitz5-okowitz5-webapp: 10.1.3.3.0 Started
17/03/22 19:01:41.137 10.1.3.3.0 Started
17/03/22 19:01:43.719 okowitz5-okowitz5-webapp: 10.1.3.3.0 Started
17/03/22 19:02:13.573 10.1.3.3.0 Started
17/03/22 19:02:14.831 okowitz5-okowitz5-webapp: 10.1.3.3.0 Started
