17/05/03 13:37:53.823 10.1.3.3.0 Started
17/05/03 13:37:55.652 okowitz10-okowitz10-webapp: 10.1.3.3.0 Started
17/05/03 13:37:55.659 okowitz10-okowitz10-webapp: Servlet error
javax.servlet.jsp.JspTagException: /hw10.xml
	at org.apache.taglibs.standard.tag.common.core.ImportSupport.acquireString(ImportSupport.java:287)
	at org.apache.taglibs.standard.tag.common.core.ImportSupport.doEndTag(ImportSupport.java:158)
	at _okowitz10._jspService(_okowitz10.java:53)
	at com.orionserver[Oracle Containers for J2EE 10g (10.1.3.3.0) ].http.OrionHttpJspPage.service(OrionHttpJspPage.java:59)
	at oracle.jsp.runtimev2.JspPageTable.service(JspPageTable.java:462)
	at oracle.jsp.runtimev2.JspServlet.internalService(JspServlet.java:594)
	at oracle.jsp.runtimev2.JspServlet.service(JspServlet.java:518)
	at javax.servlet.http.HttpServlet.service(HttpServlet.java:856)
	at com.evermind[Oracle Containers for J2EE 10g (10.1.3.3.0) ].server.http.ServletRequestDispatcher.invoke(ServletRequestDispatcher.java:713)
	at com.evermind[Oracle Containers for J2EE 10g (10.1.3.3.0) ].server.http.ServletRequestDispatcher.forwardInternal(ServletRequestDispatcher.java:370)
	at com.evermind[Oracle Containers for J2EE 10g (10.1.3.3.0) ].server.http.HttpRequestHandler.doProcessRequest(HttpRequestHandler.java:871)
	at com.evermind[Oracle Containers for J2EE 10g (10.1.3.3.0) ].server.http.HttpRequestHandler.processRequest(HttpRequestHandler.java:453)
	at com.evermind[Oracle Containers for J2EE 10g (10.1.3.3.0) ].server.http.HttpRequestHandler.serveOneRequest(HttpRequestHandler.java:221)
	at com.evermind[Oracle Containers for J2EE 10g (10.1.3.3.0) ].server.http.HttpRequestHandler.run(HttpRequestHandler.java:122)
	at com.evermind[Oracle Containers for J2EE 10g (10.1.3.3.0) ].server.http.HttpRequestHandler.run(HttpRequestHandler.java:111)
	at oracle.oc4j.network.ServerSocketReadHandler$SafeRunnable.run(ServerSocketReadHandler.java:260)
	at oracle.oc4j.network.ServerSocketAcceptHandler.procClientSocket(ServerSocketAcceptHandler.java:239)
	at oracle.oc4j.network.ServerSocketAcceptHandler.access$700(ServerSocketAcceptHandler.java:34)
	at oracle.oc4j.network.ServerSocketAcceptHandler$AcceptHandlerHorse.run(ServerSocketAcceptHandler.java:880)
	at com.evermind[Oracle Containers for J2EE 10g (10.1.3.3.0) ].util.ReleasableResourcePooledExecutor$MyWorker.run(ReleasableResourcePooledExecutor.java:298)
	at java.lang.Thread.run(Thread.java:595)
17/05/03 13:39:25.695 okowitz10-okowitz10-webapp: 10.1.3.3.0 Stopped
17/05/03 13:39:26.213 10.1.3.3.0 Started
17/05/03 13:39:27.581 okowitz10-okowitz10-webapp: 10.1.3.3.0 Started
17/05/03 13:39:27.589 okowitz10-okowitz10-webapp: Servlet error
javax.servlet.jsp.JspTagException: /Resources/hw10.xml
	at org.apache.taglibs.standard.tag.common.core.ImportSupport.acquireString(ImportSupport.java:287)
	at org.apache.taglibs.standard.tag.common.core.ImportSupport.doEndTag(ImportSupport.java:158)
	at _okowitz10._jspService(_okowitz10.java:53)
	at com.orionserver[Oracle Containers for J2EE 10g (10.1.3.3.0) ].http.OrionHttpJspPage.service(OrionHttpJspPage.java:59)
	at oracle.jsp.runtimev2.JspPageTable.service(JspPageTable.java:462)
	at oracle.jsp.runtimev2.JspServlet.internalService(JspServlet.java:594)
	at oracle.jsp.runtimev2.JspServlet.service(JspServlet.java:518)
	at javax.servlet.http.HttpServlet.service(HttpServlet.java:856)
	at com.evermind[Oracle Containers for J2EE 10g (10.1.3.3.0) ].server.http.ServletRequestDispatcher.invoke(ServletRequestDispatcher.java:713)
	at com.evermind[Oracle Containers for J2EE 10g (10.1.3.3.0) ].server.http.ServletRequestDispatcher.forwardInternal(ServletRequestDispatcher.java:370)
	at com.evermind[Oracle Containers for J2EE 10g (10.1.3.3.0) ].server.http.HttpRequestHandler.doProcessRequest(HttpRequestHandler.java:871)
	at com.evermind[Oracle Containers for J2EE 10g (10.1.3.3.0) ].server.http.HttpRequestHandler.processRequest(HttpRequestHandler.java:453)
	at com.evermind[Oracle Containers for J2EE 10g (10.1.3.3.0) ].server.http.HttpRequestHandler.serveOneRequest(HttpRequestHandler.java:221)
	at com.evermind[Oracle Containers for J2EE 10g (10.1.3.3.0) ].server.http.HttpRequestHandler.run(HttpRequestHandler.java:122)
	at com.evermind[Oracle Containers for J2EE 10g (10.1.3.3.0) ].server.http.HttpRequestHandler.run(HttpRequestHandler.java:111)
	at oracle.oc4j.network.ServerSocketReadHandler$SafeRunnable.run(ServerSocketReadHandler.java:260)
	at oracle.oc4j.network.ServerSocketAcceptHandler.procClientSocket(ServerSocketAcceptHandler.java:239)
	at oracle.oc4j.network.ServerSocketAcceptHandler.access$700(ServerSocketAcceptHandler.java:34)
	at oracle.oc4j.network.ServerSocketAcceptHandler$AcceptHandlerHorse.run(ServerSocketAcceptHandler.java:880)
	at com.evermind[Oracle Containers for J2EE 10g (10.1.3.3.0) ].util.ReleasableResourcePooledExecutor$MyWorker.run(ReleasableResourcePooledExecutor.java:298)
	at java.lang.Thread.run(Thread.java:595)
17/05/03 13:41:05.410 10.1.3.3.0 Started
17/05/03 13:41:07.617 okowitz10-okowitz10-webapp: 10.1.3.3.0 Started
17/05/03 13:41:07.637 okowitz10-okowitz10-webapp: Servlet error
javax.servlet.jsp.JspTagException: /hw10.xml
	at org.apache.taglibs.standard.tag.common.core.ImportSupport.acquireString(ImportSupport.java:287)
	at org.apache.taglibs.standard.tag.common.core.ImportSupport.doEndTag(ImportSupport.java:158)
	at _okowitz10._jspService(_okowitz10.java:53)
	at com.orionserver[Oracle Containers for J2EE 10g (10.1.3.3.0) ].http.OrionHttpJspPage.service(OrionHttpJspPage.java:59)
	at oracle.jsp.runtimev2.JspPageTable.service(JspPageTable.java:462)
	at oracle.jsp.runtimev2.JspServlet.internalService(JspServlet.java:594)
	at oracle.jsp.runtimev2.JspServlet.service(JspServlet.java:518)
	at javax.servlet.http.HttpServlet.service(HttpServlet.java:856)
	at com.evermind[Oracle Containers for J2EE 10g (10.1.3.3.0) ].server.http.ServletRequestDispatcher.invoke(ServletRequestDispatcher.java:713)
	at com.evermind[Oracle Containers for J2EE 10g (10.1.3.3.0) ].server.http.ServletRequestDispatcher.forwardInternal(ServletRequestDispatcher.java:370)
	at com.evermind[Oracle Containers for J2EE 10g (10.1.3.3.0) ].server.http.HttpRequestHandler.doProcessRequest(HttpRequestHandler.java:871)
	at com.evermind[Oracle Containers for J2EE 10g (10.1.3.3.0) ].server.http.HttpRequestHandler.processRequest(HttpRequestHandler.java:453)
	at com.evermind[Oracle Containers for J2EE 10g (10.1.3.3.0) ].server.http.HttpRequestHandler.serveOneRequest(HttpRequestHandler.java:221)
	at com.evermind[Oracle Containers for J2EE 10g (10.1.3.3.0) ].server.http.HttpRequestHandler.run(HttpRequestHandler.java:122)
	at com.evermind[Oracle Containers for J2EE 10g (10.1.3.3.0) ].server.http.HttpRequestHandler.run(HttpRequestHandler.java:111)
	at oracle.oc4j.network.ServerSocketReadHandler$SafeRunnable.run(ServerSocketReadHandler.java:260)
	at oracle.oc4j.network.ServerSocketAcceptHandler.procClientSocket(ServerSocketAcceptHandler.java:239)
	at oracle.oc4j.network.ServerSocketAcceptHandler.access$700(ServerSocketAcceptHandler.java:34)
	at oracle.oc4j.network.ServerSocketAcceptHandler$AcceptHandlerHorse.run(ServerSocketAcceptHandler.java:880)
	at com.evermind[Oracle Containers for J2EE 10g (10.1.3.3.0) ].util.ReleasableResourcePooledExecutor$MyWorker.run(ReleasableResourcePooledExecutor.java:298)
	at java.lang.Thread.run(Thread.java:595)
17/05/03 13:42:00.52 10.1.3.3.0 Started
17/05/03 13:42:02.109 okowitz10-okowitz10-webapp: 10.1.3.3.0 Started
17/05/03 13:42:29.348 okowitz10-okowitz10-webapp: Servlet error
javax.servlet.jsp.JspTagException: /hw10.xml
	at org.apache.taglibs.standard.tag.common.core.ImportSupport.acquireString(ImportSupport.java:287)
	at org.apache.taglibs.standard.tag.common.core.ImportSupport.doEndTag(ImportSupport.java:158)
	at _okowitz10._jspService(_okowitz10.java:53)
	at com.orionserver[Oracle Containers for J2EE 10g (10.1.3.3.0) ].http.OrionHttpJspPage.service(OrionHttpJspPage.java:59)
	at oracle.jsp.runtimev2.JspPageTable.service(JspPageTable.java:462)
	at oracle.jsp.runtimev2.JspServlet.internalService(JspServlet.java:594)
	at oracle.jsp.runtimev2.JspServlet.service(JspServlet.java:518)
	at javax.servlet.http.HttpServlet.service(HttpServlet.java:856)
	at com.evermind[Oracle Containers for J2EE 10g (10.1.3.3.0) ].server.http.ServletRequestDispatcher.invoke(ServletRequestDispatcher.java:713)
	at com.evermind[Oracle Containers for J2EE 10g (10.1.3.3.0) ].server.http.ServletRequestDispatcher.forwardInternal(ServletRequestDispatcher.java:370)
	at com.evermind[Oracle Containers for J2EE 10g (10.1.3.3.0) ].server.http.HttpRequestHandler.doProcessRequest(HttpRequestHandler.java:871)
	at com.evermind[Oracle Containers for J2EE 10g (10.1.3.3.0) ].server.http.HttpRequestHandler.processRequest(HttpRequestHandler.java:453)
	at com.evermind[Oracle Containers for J2EE 10g (10.1.3.3.0) ].server.http.HttpRequestHandler.serveOneRequest(HttpRequestHandler.java:221)
	at com.evermind[Oracle Containers for J2EE 10g (10.1.3.3.0) ].server.http.HttpRequestHandler.run(HttpRequestHandler.java:122)
	at com.evermind[Oracle Containers for J2EE 10g (10.1.3.3.0) ].server.http.HttpRequestHandler.run(HttpRequestHandler.java:111)
	at oracle.oc4j.network.ServerSocketReadHandler$SafeRunnable.run(ServerSocketReadHandler.java:260)
	at oracle.oc4j.network.ServerSocketAcceptHandler.procClientSocket(ServerSocketAcceptHandler.java:239)
	at oracle.oc4j.network.ServerSocketAcceptHandler.access$700(ServerSocketAcceptHandler.java:34)
	at oracle.oc4j.network.ServerSocketAcceptHandler$AcceptHandlerHorse.run(ServerSocketAcceptHandler.java:880)
	at com.evermind[Oracle Containers for J2EE 10g (10.1.3.3.0) ].util.ReleasableResourcePooledExecutor$MyWorker.run(ReleasableResourcePooledExecutor.java:298)
	at java.lang.Thread.run(Thread.java:595)
17/05/03 14:09:25.521 10.1.3.3.0 Started
17/05/03 14:09:28.977 okowitz10-okowitz10-webapp: 10.1.3.3.0 Started
17/05/03 14:09:29.1 okowitz10-okowitz10-webapp: Servlet error
javax.servlet.jsp.JspTagException: /hw10.xml
	at org.apache.taglibs.standard.tag.common.core.ImportSupport.acquireString(ImportSupport.java:287)
	at org.apache.taglibs.standard.tag.common.core.ImportSupport.doEndTag(ImportSupport.java:158)
	at _okowitz10._jspService(_okowitz10.java:52)
	at com.orionserver[Oracle Containers for J2EE 10g (10.1.3.3.0) ].http.OrionHttpJspPage.service(OrionHttpJspPage.java:59)
	at oracle.jsp.runtimev2.JspPageTable.service(JspPageTable.java:462)
	at oracle.jsp.runtimev2.JspServlet.internalService(JspServlet.java:594)
	at oracle.jsp.runtimev2.JspServlet.service(JspServlet.java:518)
	at javax.servlet.http.HttpServlet.service(HttpServlet.java:856)
	at com.evermind[Oracle Containers for J2EE 10g (10.1.3.3.0) ].server.http.ServletRequestDispatcher.invoke(ServletRequestDispatcher.java:713)
	at com.evermind[Oracle Containers for J2EE 10g (10.1.3.3.0) ].server.http.ServletRequestDispatcher.forwardInternal(ServletRequestDispatcher.java:370)
	at com.evermind[Oracle Containers for J2EE 10g (10.1.3.3.0) ].server.http.HttpRequestHandler.doProcessRequest(HttpRequestHandler.java:871)
	at com.evermind[Oracle Containers for J2EE 10g (10.1.3.3.0) ].server.http.HttpRequestHandler.processRequest(HttpRequestHandler.java:453)
	at com.evermind[Oracle Containers for J2EE 10g (10.1.3.3.0) ].server.http.HttpRequestHandler.serveOneRequest(HttpRequestHandler.java:221)
	at com.evermind[Oracle Containers for J2EE 10g (10.1.3.3.0) ].server.http.HttpRequestHandler.run(HttpRequestHandler.java:122)
	at com.evermind[Oracle Containers for J2EE 10g (10.1.3.3.0) ].server.http.HttpRequestHandler.run(HttpRequestHandler.java:111)
	at oracle.oc4j.network.ServerSocketReadHandler$SafeRunnable.run(ServerSocketReadHandler.java:260)
	at oracle.oc4j.network.ServerSocketAcceptHandler.procClientSocket(ServerSocketAcceptHandler.java:239)
	at oracle.oc4j.network.ServerSocketAcceptHandler.access$700(ServerSocketAcceptHandler.java:34)
	at oracle.oc4j.network.ServerSocketAcceptHandler$AcceptHandlerHorse.run(ServerSocketAcceptHandler.java:880)
	at com.evermind[Oracle Containers for J2EE 10g (10.1.3.3.0) ].util.ReleasableResourcePooledExecutor$MyWorker.run(ReleasableResourcePooledExecutor.java:298)
	at java.lang.Thread.run(Thread.java:595)
17/05/03 14:10:12.479 okowitz10-okowitz10-webapp: 10.1.3.3.0 Stopped
17/05/03 14:10:12.892 10.1.3.3.0 Started
17/05/03 14:10:14.43 okowitz10-okowitz10-webapp: 10.1.3.3.0 Started
17/05/03 14:10:14.51 okowitz10-okowitz10-webapp: Servlet error
javax.servlet.jsp.JspTagException: /hw10.xml
	at org.apache.taglibs.standard.tag.common.core.ImportSupport.acquireString(ImportSupport.java:287)
	at org.apache.taglibs.standard.tag.common.core.ImportSupport.doEndTag(ImportSupport.java:158)
	at _okowitz10._jspService(_okowitz10.java:52)
	at com.orionserver[Oracle Containers for J2EE 10g (10.1.3.3.0) ].http.OrionHttpJspPage.service(OrionHttpJspPage.java:59)
	at oracle.jsp.runtimev2.JspPageTable.service(JspPageTable.java:462)
	at oracle.jsp.runtimev2.JspServlet.internalService(JspServlet.java:594)
	at oracle.jsp.runtimev2.JspServlet.service(JspServlet.java:518)
	at javax.servlet.http.HttpServlet.service(HttpServlet.java:856)
	at com.evermind[Oracle Containers for J2EE 10g (10.1.3.3.0) ].server.http.ServletRequestDispatcher.invoke(ServletRequestDispatcher.java:713)
	at com.evermind[Oracle Containers for J2EE 10g (10.1.3.3.0) ].server.http.ServletRequestDispatcher.forwardInternal(ServletRequestDispatcher.java:370)
	at com.evermind[Oracle Containers for J2EE 10g (10.1.3.3.0) ].server.http.HttpRequestHandler.doProcessRequest(HttpRequestHandler.java:871)
	at com.evermind[Oracle Containers for J2EE 10g (10.1.3.3.0) ].server.http.HttpRequestHandler.processRequest(HttpRequestHandler.java:453)
	at com.evermind[Oracle Containers for J2EE 10g (10.1.3.3.0) ].server.http.HttpRequestHandler.serveOneRequest(HttpRequestHandler.java:221)
	at com.evermind[Oracle Containers for J2EE 10g (10.1.3.3.0) ].server.http.HttpRequestHandler.run(HttpRequestHandler.java:122)
	at com.evermind[Oracle Containers for J2EE 10g (10.1.3.3.0) ].server.http.HttpRequestHandler.run(HttpRequestHandler.java:111)
	at oracle.oc4j.network.ServerSocketReadHandler$SafeRunnable.run(ServerSocketReadHandler.java:260)
	at oracle.oc4j.network.ServerSocketAcceptHandler.procClientSocket(ServerSocketAcceptHandler.java:239)
	at oracle.oc4j.network.ServerSocketAcceptHandler.access$700(ServerSocketAcceptHandler.java:34)
	at oracle.oc4j.network.ServerSocketAcceptHandler$AcceptHandlerHorse.run(ServerSocketAcceptHandler.java:880)
	at com.evermind[Oracle Containers for J2EE 10g (10.1.3.3.0) ].util.ReleasableResourcePooledExecutor$MyWorker.run(ReleasableResourcePooledExecutor.java:298)
	at java.lang.Thread.run(Thread.java:595)
17/05/03 14:13:09.757 okowitz10-okowitz10-webapp: 10.1.3.3.0 Stopped
17/05/03 14:13:10.226 10.1.3.3.0 Started
17/05/03 14:13:12.400 okowitz10-okowitz10-webapp: 10.1.3.3.0 Started
17/05/03 14:13:12.506 okowitz10-okowitz10-webapp: Servlet error
oracle.classloader.util.AnnotatedNoClassDefFoundError: 

	  Missing class: org.apache.xml.utils.PrefixResolver

	Dependent class: org.apache.taglibs.standard.tag.common.xml.JSTLPrefixResolver
	         Loader: current-workspace-app.web.okowitz10-okowitz10-webapp:0.0.0
	    Code-Source: /D:/Users/okowitz/Documents/GitHub/CSC516InternetProg2/okowitz10/okowitz10/okowitz10/public_html/WEB-INF/lib/standard.jar
	  Configuration: WEB-INF/lib/ directory in D:\Users\okowitz\Documents\GitHub\CSC516InternetProg2\okowitz10\okowitz10\okowitz10\public_html\WEB-INF\lib

The missing class is available from the following locations:

	1. Code-Source: /D:/Users/okowitz/Documents/jdevstudio10133/j2ee/home/lib/crimson_1_1_3.jar (from <code-source> (ignore manifest Class-Path) in META-INF/boot.xml in D:\Users\okowitz\Documents\jdevstudio10133\j2ee\home\oc4j.jar)
 	   This code-source is available in loader oc4j.internal:10.1.3. This shared-library can be imported by the "current-workspace-app" application.


	at oracle.classloader.PolicyClassLoader.defineClass(PolicyClassLoader.java:2264)
	at oracle.classloader.PolicyClassLoader.findLocalClass(PolicyClassLoader.java:1462)
	at oracle.classloader.SearchPolicy$FindLocal.getClass(SearchPolicy.java:167)
	at oracle.classloader.SearchSequence.getClass(SearchSequence.java:119)
	at oracle.classloader.PolicyClassLoader.internalLoadClass(PolicyClassLoader.java:1674)
	at oracle.classloader.PolicyClassLoader.loadClass(PolicyClassLoader.java:1635)
	at oracle.classloader.PolicyClassLoader.loadClass(PolicyClassLoader.java:1620)
	at java.lang.ClassLoader.loadClassInternal(ClassLoader.java:319)
	at org.apache.taglibs.standard.tag.common.xml.XPathUtil.staticInit(XPathUtil.java:381)
	at org.apache.taglibs.standard.tag.common.xml.XPathUtil.selectNodes(XPathUtil.java:517)
	at org.apache.taglibs.standard.tag.common.xml.ForEachTag.prepare(ForEachTag.java:50)
	at javax.servlet.jsp.jstl.core.LoopTagSupport.doStartTag(LoopTagSupport.java:227)
	at _okowitz10._jspService(_okowitz10.java:79)
	at com.orionserver[Oracle Containers for J2EE 10g (10.1.3.3.0) ].http.OrionHttpJspPage.service(OrionHttpJspPage.java:59)
	at oracle.jsp.runtimev2.JspPageTable.service(JspPageTable.java:462)
	at oracle.jsp.runtimev2.JspServlet.internalService(JspServlet.java:594)
	at oracle.jsp.runtimev2.JspServlet.service(JspServlet.java:518)
	at javax.servlet.http.HttpServlet.service(HttpServlet.java:856)
	at com.evermind[Oracle Containers for J2EE 10g (10.1.3.3.0) ].server.http.ServletRequestDispatcher.invoke(ServletRequestDispatcher.java:713)
	at com.evermind[Oracle Containers for J2EE 10g (10.1.3.3.0) ].server.http.ServletRequestDispatcher.forwardInternal(ServletRequestDispatcher.java:370)
	at com.evermind[Oracle Containers for J2EE 10g (10.1.3.3.0) ].server.http.HttpRequestHandler.doProcessRequest(HttpRequestHandler.java:871)
	at com.evermind[Oracle Containers for J2EE 10g (10.1.3.3.0) ].server.http.HttpRequestHandler.processRequest(HttpRequestHandler.java:453)
	at com.evermind[Oracle Containers for J2EE 10g (10.1.3.3.0) ].server.http.HttpRequestHandler.serveOneRequest(HttpRequestHandler.java:221)
	at com.evermind[Oracle Containers for J2EE 10g (10.1.3.3.0) ].server.http.HttpRequestHandler.run(HttpRequestHandler.java:122)
	at com.evermind[Oracle Containers for J2EE 10g (10.1.3.3.0) ].server.http.HttpRequestHandler.run(HttpRequestHandler.java:111)
	at oracle.oc4j.network.ServerSocketReadHandler$SafeRunnable.run(ServerSocketReadHandler.java:260)
	at oracle.oc4j.network.ServerSocketAcceptHandler.procClientSocket(ServerSocketAcceptHandler.java:239)
	at oracle.oc4j.network.ServerSocketAcceptHandler.access$700(ServerSocketAcceptHandler.java:34)
	at oracle.oc4j.network.ServerSocketAcceptHandler$AcceptHandlerHorse.run(ServerSocketAcceptHandler.java:880)
	at com.evermind[Oracle Containers for J2EE 10g (10.1.3.3.0) ].util.ReleasableResourcePooledExecutor$MyWorker.run(ReleasableResourcePooledExecutor.java:298)
	at java.lang.Thread.run(Thread.java:595)

17/05/03 14:13:56.946 okowitz10-okowitz10-webapp: 10.1.3.3.0 Stopped
17/05/03 14:13:57.443 10.1.3.3.0 Started
17/05/03 14:13:58.684 okowitz10-okowitz10-webapp: 10.1.3.3.0 Started
17/05/03 14:13:58.762 okowitz10-okowitz10-webapp: Servlet error
oracle.classloader.util.AnnotatedNoClassDefFoundError: 

	  Missing class: org.apache.xml.utils.PrefixResolver

	Dependent class: org.apache.taglibs.standard.tag.common.xml.JSTLPrefixResolver
	         Loader: current-workspace-app.web.okowitz10-okowitz10-webapp:0.0.0
	    Code-Source: /D:/Users/okowitz/Documents/GitHub/CSC516InternetProg2/okowitz10/okowitz10/okowitz10/public_html/WEB-INF/lib/standard.jar
	  Configuration: WEB-INF/lib/ directory in D:\Users\okowitz\Documents\GitHub\CSC516InternetProg2\okowitz10\okowitz10\okowitz10\public_html\WEB-INF\lib

The missing class is available from the following locations:

	1. Code-Source: /D:/Users/okowitz/Documents/jdevstudio10133/j2ee/home/lib/crimson_1_1_3.jar (from <code-source> (ignore manifest Class-Path) in META-INF/boot.xml in D:\Users\okowitz\Documents\jdevstudio10133\j2ee\home\oc4j.jar)
 	   This code-source is available in loader oc4j.internal:10.1.3. This shared-library can be imported by the "current-workspace-app" application.


	at oracle.classloader.PolicyClassLoader.defineClass(PolicyClassLoader.java:2264)
	at oracle.classloader.PolicyClassLoader.findLocalClass(PolicyClassLoader.java:1462)
	at oracle.classloader.SearchPolicy$FindLocal.getClass(SearchPolicy.java:167)
	at oracle.classloader.SearchSequence.getClass(SearchSequence.java:119)
	at oracle.classloader.PolicyClassLoader.internalLoadClass(PolicyClassLoader.java:1674)
	at oracle.classloader.PolicyClassLoader.loadClass(PolicyClassLoader.java:1635)
	at oracle.classloader.PolicyClassLoader.loadClass(PolicyClassLoader.java:1620)
	at java.lang.ClassLoader.loadClassInternal(ClassLoader.java:319)
	at org.apache.taglibs.standard.tag.common.xml.XPathUtil.staticInit(XPathUtil.java:381)
	at org.apache.taglibs.standard.tag.common.xml.XPathUtil.selectNodes(XPathUtil.java:517)
	at org.apache.taglibs.standard.tag.common.xml.ForEachTag.prepare(ForEachTag.java:50)
	at javax.servlet.jsp.jstl.core.LoopTagSupport.doStartTag(LoopTagSupport.java:227)
	at _okowitz10._jspService(_okowitz10.java:79)
	at com.orionserver[Oracle Containers for J2EE 10g (10.1.3.3.0) ].http.OrionHttpJspPage.service(OrionHttpJspPage.java:59)
	at oracle.jsp.runtimev2.JspPageTable.service(JspPageTable.java:462)
	at oracle.jsp.runtimev2.JspServlet.internalService(JspServlet.java:594)
	at oracle.jsp.runtimev2.JspServlet.service(JspServlet.java:518)
	at javax.servlet.http.HttpServlet.service(HttpServlet.java:856)
	at com.evermind[Oracle Containers for J2EE 10g (10.1.3.3.0) ].server.http.ServletRequestDispatcher.invoke(ServletRequestDispatcher.java:713)
	at com.evermind[Oracle Containers for J2EE 10g (10.1.3.3.0) ].server.http.ServletRequestDispatcher.forwardInternal(ServletRequestDispatcher.java:370)
	at com.evermind[Oracle Containers for J2EE 10g (10.1.3.3.0) ].server.http.HttpRequestHandler.doProcessRequest(HttpRequestHandler.java:871)
	at com.evermind[Oracle Containers for J2EE 10g (10.1.3.3.0) ].server.http.HttpRequestHandler.processRequest(HttpRequestHandler.java:453)
	at com.evermind[Oracle Containers for J2EE 10g (10.1.3.3.0) ].server.http.HttpRequestHandler.serveOneRequest(HttpRequestHandler.java:221)
	at com.evermind[Oracle Containers for J2EE 10g (10.1.3.3.0) ].server.http.HttpRequestHandler.run(HttpRequestHandler.java:122)
	at com.evermind[Oracle Containers for J2EE 10g (10.1.3.3.0) ].server.http.HttpRequestHandler.run(HttpRequestHandler.java:111)
	at oracle.oc4j.network.ServerSocketReadHandler$SafeRunnable.run(ServerSocketReadHandler.java:260)
	at oracle.oc4j.network.ServerSocketAcceptHandler.procClientSocket(ServerSocketAcceptHandler.java:239)
	at oracle.oc4j.network.ServerSocketAcceptHandler.access$700(ServerSocketAcceptHandler.java:34)
	at oracle.oc4j.network.ServerSocketAcceptHandler$AcceptHandlerHorse.run(ServerSocketAcceptHandler.java:880)
	at com.evermind[Oracle Containers for J2EE 10g (10.1.3.3.0) ].util.ReleasableResourcePooledExecutor$MyWorker.run(ReleasableResourcePooledExecutor.java:298)
	at java.lang.Thread.run(Thread.java:595)

